<?xml version="1.0" encoding="UTF-8"?>
<!-- Generated by org.testng.reporters.JUnitReportReporter -->
<testsuite hostname="Calculator" name="test.java.LoginTests" tests="5" failures="0" timestamp="26 Feb 2013 10:29:57 GMT" time="27.085" errors="0">
  <testcase name="validLogin" time="5.898" classname="test.java.LoginTests"/>
  <testcase name="invalidLoginWrongEmail" time="3.910" classname="test.java.LoginTests"/>
  <testcase name="invalidLoginNoPass" time="6.023" classname="test.java.LoginTests"/>
  <testcase name="invalidLoginNoEmail" time="6.995" classname="test.java.LoginTests"/>
  <testcase name="invalidLoginWrongPass" time="4.259" classname="test.java.LoginTests"/>
</testsuite> <!-- test.java.LoginTests -->
