<?xml version="1.0" encoding="UTF-8"?>
<!-- Generated by org.testng.reporters.JUnitReportReporter -->
<testsuite hostname="alexandra-System-Product-Name" name="test.java.ToDELETE" tests="1" failures="0" timestamp="21 Mar 2013 13:35:19 GMT" time="12.132" errors="0">
  <testcase name="testMethod" time="12.132" classname="test.java.ToDELETE"/>
</testsuite> <!-- test.java.ToDELETE -->
