<?xml version="1.0" encoding="UTF-8"?>
<!-- Generated by org.testng.reporters.JUnitReportReporter -->
<testsuite hostname="Calculator" name="proxy1" tests="1" failures="0" timestamp="19 Feb 2013 11:10:41 GMT" time="14.418" errors="0">
  <testcase name="SetProxy" time="14.418" classname="proxy1"/>
</testsuite> <!-- proxy1 -->
