<?xml version="1.0" encoding="UTF-8"?>
<!-- Generated by org.testng.reporters.JUnitReportReporter -->
<testsuite hostname="alexandra-System-Product-Name" name="test.java.NewsTest" tests="2" failures="0" timestamp="23 Jul 2014 12:42:38 GMT" time="84.689" errors="0">
  <testcase name="emptyNews" time="22.917" classname="test.java.NewsTest"/>
  <testcase name="newsAdd" time="61.772" classname="test.java.NewsTest"/>
</testsuite> <!-- test.java.NewsTest -->
