<?xml version="1.0" encoding="UTF-8"?>
<!-- Generated by org.testng.reporters.JUnitReportReporter -->
<testsuite hostname="alexandra-System-Product-Name" name="test.java.NotifyTest" tests="1" failures="0" timestamp="18 Dec 2013 12:13:12 GMT" time="73.833" errors="0">
  <testcase name="hangoutStarted" time="73.833" classname="test.java.NotifyTest"/>
</testsuite> <!-- test.java.NotifyTest -->
