<?xml version="1.0" encoding="UTF-8"?>
<!-- Generated by org.testng.reporters.JUnitReportReporter -->
<testsuite hostname="alexandra-System-Product-Name" name="main.pages.Ygvv" tests="1" failures="0" timestamp="31 Jul 2013 14:52:18 GMT" time="13.421" errors="0">
  <testcase name="test" time="13.421" classname="main.pages.Ygvv"/>
</testsuite> <!-- main.pages.Ygvv -->
