<?xml version="1.0" encoding="UTF-8"?>
<!-- Generated by org.testng.reporters.JUnitReportReporter -->
<testsuite hostname="Calculator" name="test.java.delete" tests="5" failures="0" timestamp="22 Feb 2013 15:50:09 GMT" time="36.070" errors="0">
  <testcase name="invalidLoginWrongPass" time="4.387" classname="test.java.delete"/>
  <testcase name="invalidLoginNoPass" time="4.446" classname="test.java.delete"/>
  <testcase name="invalidLoginNoEmail" time="10.307" classname="test.java.delete"/>
  <testcase name="invalidLoginWrongEmail" time="8.566" classname="test.java.delete"/>
  <testcase name="validLogin" time="8.364" classname="test.java.delete"/>
</testsuite> <!-- test.java.delete -->
