<?xml version="1.0" encoding="UTF-8"?>
<!-- Generated by org.testng.reporters.JUnitReportReporter -->
<testsuite hostname="Calculator" name="test.java.delete$LoginTest" tests="1" failures="0" timestamp="22 Feb 2013 15:46:41 GMT" time="5.341" errors="0">
  <testcase name="validLogin" time="5.341" classname="test.java.delete$LoginTest"/>
</testsuite> <!-- test.java.delete$LoginTest -->
