<?xml version="1.0" encoding="UTF-8"?>
<!-- Generated by org.testng.reporters.JUnitReportReporter -->
<testsuite hostname="alexandra-System-Product-Name" name="test.java.RecordTest" tests="1" failures="0" timestamp="18 Dec 2013 16:09:57 GMT" time="36.842" errors="0">
  <testcase name="avideoProcessing" time="36.842" classname="test.java.RecordTest"/>
</testsuite> <!-- test.java.RecordTest -->
