<?xml version="1.0" encoding="UTF-8"?>
<!-- Generated by org.testng.reporters.JUnitReportReporter -->
<testsuite hostname="alexandra-System-Product-Name" name="test.java.TimeZones" tests="1" failures="1" timestamp="6 Nov 2014 13:32:41 GMT" time="221.308" errors="0">
  <testcase name="timezoneTest" time="221.308" classname="test.java.TimeZones">
    <failure type="java.lang.Error" message="Some cities have wrong timezone : [Minsk Expected: 16:34 Found: 16:35, Bangkok Expected: 20:35 Found: 20:36, Pert Expected: 14:36 Found: 21:36, Adelaide Expected: 00:06 Found: 00:00, Darwin Expected: 23:06 Found: 00:00, Kamchatka Expected: 23:36 Found: 00:00, Magadan Expected: 23:36 Found: 00:00, Auckland Expected: 02:36 Found: 00:00, Wellington Expected: 02:36 Found: 00:00, Fiji Expected: 02:36 Found: 00:00, Samoa Expected: 03:36 Found: 02:37, Mountain Time Expected: 05:37 Found: 06:37, Central Time Expected: 22:37 Found: 07:37, Eastern Time Expected: 19:07 Found: 08:37, Atlantic Time Expected: 08:37 Found: 09:37, Geogretown Expected: 07:37 Found: 09:37, Newfoundland Expected: 08:37 Found: 10:07]">
      <![CDATA[java.lang.Error: Some cities have wrong timezone : [Minsk Expected: 16:34 Found: 16:35, Bangkok Expected: 20:35 Found: 20:36, Pert Expected: 14:36 Found: 21:36, Adelaide Expected: 00:06 Found: 00:00, Darwin Expected: 23:06 Found: 00:00, Kamchatka Expected: 23:36 Found: 00:00, Magadan Expected: 23:36 Found: 00:00, Auckland Expected: 02:36 Found: 00:00, Wellington Expected: 02:36 Found: 00:00, Fiji Expected: 02:36 Found: 00:00, Samoa Expected: 03:36 Found: 02:37, Mountain Time Expected: 05:37 Found: 06:37, Central Time Expected: 22:37 Found: 07:37, Eastern Time Expected: 19:07 Found: 08:37, Atlantic Time Expected: 08:37 Found: 09:37, Geogretown Expected: 07:37 Found: 09:37, Newfoundland Expected: 08:37 Found: 10:07]
	at test.java.TimeZones.timezoneTest(TimeZones.java:204)
	at sun.reflect.NativeMethodAccessorImpl.invoke0(Native Method)
	at sun.reflect.NativeMethodAccessorImpl.invoke(NativeMethodAccessorImpl.java:57)
	at sun.reflect.DelegatingMethodAccessorImpl.invoke(DelegatingMethodAccessorImpl.java:43)
	at java.lang.reflect.Method.invoke(Method.java:606)
	at org.testng.internal.MethodInvocationHelper.invokeMethod(MethodInvocationHelper.java:80)
	at org.testng.internal.Invoker.invokeMethod(Invoker.java:714)
	at org.testng.internal.Invoker.invokeTestMethod(Invoker.java:901)
	at org.testng.internal.Invoker.invokeTestMethods(Invoker.java:1231)
	at org.testng.internal.TestMethodWorker.invokeTestMethods(TestMethodWorker.java:128)
	at org.testng.internal.TestMethodWorker.run(TestMethodWorker.java:111)
	at org.testng.TestRunner.privateRun(TestRunner.java:767)
	at org.testng.TestRunner.run(TestRunner.java:617)
	at org.testng.SuiteRunner.runTest(SuiteRunner.java:334)
	at org.testng.SuiteRunner.runSequentially(SuiteRunner.java:329)
	at org.testng.SuiteRunner.privateRun(SuiteRunner.java:291)
	at org.testng.SuiteRunner.run(SuiteRunner.java:240)
	at org.testng.SuiteRunnerWorker.runSuite(SuiteRunnerWorker.java:52)
	at org.testng.SuiteRunnerWorker.run(SuiteRunnerWorker.java:86)
	at org.testng.TestNG.runSuitesSequentially(TestNG.java:1203)
	at org.testng.TestNG.runSuitesLocally(TestNG.java:1128)
	at org.testng.TestNG.run(TestNG.java:1036)
	at org.testng.remote.RemoteTestNG.run(RemoteTestNG.java:111)
	at org.testng.remote.RemoteTestNG.initAndRun(RemoteTestNG.java:204)
	at org.testng.remote.RemoteTestNG.main(RemoteTestNG.java:175)
]]>
    </failure>
  </testcase> <!-- timezoneTest -->
</testsuite> <!-- test.java.TimeZones -->
