<?xml version="1.0" encoding="UTF-8"?>
<!-- Generated by org.testng.reporters.JUnitReportReporter -->
<testsuite hostname="Calculator" name="test.java.OpenHangout" tests="1" failures="0" timestamp="19 Feb 2013 10:23:01 GMT" time="18.133" errors="0">
  <testcase name="HangoutCreation" time="18.133" classname="test.java.OpenHangout"/>
</testsuite> <!-- test.java.OpenHangout -->
