<?xml version="1.0" encoding="UTF-8"?>
<!-- Generated by org.testng.reporters.JUnitReportReporter -->
<testsuite hostname="alexandra-System-Product-Name" name="test.java.BlogTest" tests="3" failures="0" timestamp="21 Mar 2013 15:19:58 GMT" time="20.690" errors="0">
  <testcase name="invalidCreate" time="6.284" classname="test.java.BlogTest"/>
  <testcase name="createBlog" time="9.493" classname="test.java.BlogTest"/>
  <testcase name="articleView" time="4.913" classname="test.java.BlogTest"/>
</testsuite> <!-- test.java.BlogTest -->
