<?xml version="1.0" encoding="UTF-8"?>
<!-- Generated by org.testng.reporters.JUnitReportReporter -->
<testsuite hostname="Calculator" name="toDelete" tests="1" failures="0" timestamp="22 Feb 2013 11:39:03 GMT" time="5.146" errors="0">
  <testcase name="validLogin" time="5.146" classname="toDelete"/>
</testsuite> <!-- toDelete -->
