<?xml version="1.0" encoding="UTF-8"?>
<!-- Generated by org.testng.reporters.JUnitReportReporter -->
<testsuite hostname="alexandra-System-Product-Name" name="test.java.TimeZone" tests="1" failures="1" timestamp="5 Nov 2014 15:30:05 GMT" time="227.042" errors="0">
  <testcase name="timezoneTest" time="227.042" classname="test.java.TimeZone">
    <failure type="java.lang.Error" message="Some cities have wrong timezone : [Moscow Expected: 19:32 Found: 18:32, Saint-Petersburg Expected: 19:32 Found: 18:32, Volgograd Expected: 19:32 Found: 18:32, Teheran Expected: 19:02 Found: 19:00, Kabul Expected: 20:02 Found: 20:00, Yekaterinburg Expected: 21:32 Found: 20:32, Mumbai Expected: 21:02 Found: 21:00, Kolkata Expected: 21:02 Found: 21:00, Chennai Expected: 21:03 Found: 21:00, New-Deli Expected: 21:03 Found: 21:00, Omsk Expected: 22:33 Found: 21:33, Novosibirsk Expected: 22:33 Found: 21:33, Yangon Expected: 22:03 Found: 22:00, Cocos Islands Expected: 22:03 Found: 22:00, Krasnoyarsk Expected: 23:33 Found: 22:33, Norilsk Expected: 23:33 Found: 22:33, Pert Expected: 16:33 Found: 23:33, Irkutsk Expected: 00:33 Found: 23:33, Tokyo Expected: 00:33 Found: 00:00, Seoul Expected: 00:33 Found: 00:00, Osaka Expected: 00:33 Found: 00:00, Sapporo Expected: 00:33 Found: 00:00, Yakutsk Expected: 01:33 Found: 00:00, Adelaide Expected: 02:03 Found: 00:00, Darwin Expected: 01:03 Found: 00:00, Eastern Australia Expected: 01:34 Found: 00:00, Guam Expected: 01:34 Found: 00:00, Vladivostok Expected: 02:34 Found: 00:00, Yuzhno-Sakhalinsk Expected: 02:34 Found: 00:00, Kamchatka Expected: 03:34 Found: 00:00, Magadan Expected: 03:34 Found: 00:00, Auckland Expected: 04:34 Found: 00:00, Wellington Expected: 04:34 Found: 00:00, Fiji Expected: 04:34 Found: 00:00, Samoa Expected: 05:34 Found: 04:34, Mountain Time Expected: 07:34 Found: 08:34, Central Time Expected: 00:34 Found: 09:34, Eastern Time Expected: 21:04 Found: 10:34, Caracas Expected: 11:04 Found: 11:00, Atlantic Time Expected: 10:34 Found: 11:34, Geogretown Expected: 09:34 Found: 11:34, Newfoundland Expected: 10:35 Found: 12:05]">
      <![CDATA[java.lang.Error: Some cities have wrong timezone : [Moscow Expected: 19:32 Found: 18:32, Saint-Petersburg Expected: 19:32 Found: 18:32, Volgograd Expected: 19:32 Found: 18:32, Teheran Expected: 19:02 Found: 19:00, Kabul Expected: 20:02 Found: 20:00, Yekaterinburg Expected: 21:32 Found: 20:32, Mumbai Expected: 21:02 Found: 21:00, Kolkata Expected: 21:02 Found: 21:00, Chennai Expected: 21:03 Found: 21:00, New-Deli Expected: 21:03 Found: 21:00, Omsk Expected: 22:33 Found: 21:33, Novosibirsk Expected: 22:33 Found: 21:33, Yangon Expected: 22:03 Found: 22:00, Cocos Islands Expected: 22:03 Found: 22:00, Krasnoyarsk Expected: 23:33 Found: 22:33, Norilsk Expected: 23:33 Found: 22:33, Pert Expected: 16:33 Found: 23:33, Irkutsk Expected: 00:33 Found: 23:33, Tokyo Expected: 00:33 Found: 00:00, Seoul Expected: 00:33 Found: 00:00, Osaka Expected: 00:33 Found: 00:00, Sapporo Expected: 00:33 Found: 00:00, Yakutsk Expected: 01:33 Found: 00:00, Adelaide Expected: 02:03 Found: 00:00, Darwin Expected: 01:03 Found: 00:00, Eastern Australia Expected: 01:34 Found: 00:00, Guam Expected: 01:34 Found: 00:00, Vladivostok Expected: 02:34 Found: 00:00, Yuzhno-Sakhalinsk Expected: 02:34 Found: 00:00, Kamchatka Expected: 03:34 Found: 00:00, Magadan Expected: 03:34 Found: 00:00, Auckland Expected: 04:34 Found: 00:00, Wellington Expected: 04:34 Found: 00:00, Fiji Expected: 04:34 Found: 00:00, Samoa Expected: 05:34 Found: 04:34, Mountain Time Expected: 07:34 Found: 08:34, Central Time Expected: 00:34 Found: 09:34, Eastern Time Expected: 21:04 Found: 10:34, Caracas Expected: 11:04 Found: 11:00, Atlantic Time Expected: 10:34 Found: 11:34, Geogretown Expected: 09:34 Found: 11:34, Newfoundland Expected: 10:35 Found: 12:05]
	at test.java.TimeZone.timezoneTest(TimeZone.java:186)
	at sun.reflect.NativeMethodAccessorImpl.invoke0(Native Method)
	at sun.reflect.NativeMethodAccessorImpl.invoke(NativeMethodAccessorImpl.java:57)
	at sun.reflect.DelegatingMethodAccessorImpl.invoke(DelegatingMethodAccessorImpl.java:43)
	at java.lang.reflect.Method.invoke(Method.java:606)
	at org.testng.internal.MethodInvocationHelper.invokeMethod(MethodInvocationHelper.java:80)
	at org.testng.internal.Invoker.invokeMethod(Invoker.java:714)
	at org.testng.internal.Invoker.invokeTestMethod(Invoker.java:901)
	at org.testng.internal.Invoker.invokeTestMethods(Invoker.java:1231)
	at org.testng.internal.TestMethodWorker.invokeTestMethods(TestMethodWorker.java:128)
	at org.testng.internal.TestMethodWorker.run(TestMethodWorker.java:111)
	at org.testng.TestRunner.privateRun(TestRunner.java:767)
	at org.testng.TestRunner.run(TestRunner.java:617)
	at org.testng.SuiteRunner.runTest(SuiteRunner.java:334)
	at org.testng.SuiteRunner.runSequentially(SuiteRunner.java:329)
	at org.testng.SuiteRunner.privateRun(SuiteRunner.java:291)
	at org.testng.SuiteRunner.run(SuiteRunner.java:240)
	at org.testng.SuiteRunnerWorker.runSuite(SuiteRunnerWorker.java:52)
	at org.testng.SuiteRunnerWorker.run(SuiteRunnerWorker.java:86)
	at org.testng.TestNG.runSuitesSequentially(TestNG.java:1203)
	at org.testng.TestNG.runSuitesLocally(TestNG.java:1128)
	at org.testng.TestNG.run(TestNG.java:1036)
	at org.testng.remote.RemoteTestNG.run(RemoteTestNG.java:111)
	at org.testng.remote.RemoteTestNG.initAndRun(RemoteTestNG.java:204)
	at org.testng.remote.RemoteTestNG.main(RemoteTestNG.java:175)
]]>
    </failure>
  </testcase> <!-- timezoneTest -->
</testsuite> <!-- test.java.TimeZone -->
