<?xml version="1.0" encoding="UTF-8"?>
<!-- Generated by org.testng.reporters.JUnitReportReporter -->
<testsuite hostname="alexandra-System-Product-Name" name="test.java.CommentTest" tests="1" failures="0" timestamp="26 Dec 2014 10:58:55 GMT" time="26.529" errors="0">
  <testcase name="addComment" time="26.529" classname="test.java.CommentTest"/>
</testsuite> <!-- test.java.CommentTest -->
