<?xml version="1.0" encoding="UTF-8"?>
<!-- Generated by org.testng.reporters.JUnitReportReporter -->
<testsuite hostname="alexandra-System-Product-Name" name="test.java.ContactsTest" tests="5" failures="0" timestamp="23 Jul 2014 12:34:57 GMT" time="181.211" errors="0">
  <testcase name="contactEditFromContacts" time="36.808" classname="test.java.ContactsTest"/>
  <testcase name="contactEditFromPage" time="35.917" classname="test.java.ContactsTest"/>
  <testcase name="emptyFollowers" time="22.471" classname="test.java.ContactsTest"/>
  <testcase name="emptyFollowing" time="22.893" classname="test.java.ContactsTest"/>
  <testcase name="editingMeFromContactPage" time="63.122" classname="test.java.ContactsTest"/>
</testsuite> <!-- test.java.ContactsTest -->
