<?xml version="1.0" encoding="UTF-8"?>
<!-- Generated by org.testng.reporters.JUnitReportReporter -->
<testsuite hostname="alexandra-System-Product-Name" name="test.java.ChatTest" tests="4" failures="0" timestamp="26 Dec 2014 10:58:55 GMT" time="87.697" errors="0">
  <testcase name="sendHelpMessage" time="30.393" classname="test.java.ChatTest"/>
  <testcase name="searchUserChat" time="27.292" classname="test.java.ChatTest"/>
  <testcase name="assertGoToUserPage" time="14.420" classname="test.java.ChatTest"/>
  <testcase name="searchNoUserChat" time="15.592" classname="test.java.ChatTest"/>
</testsuite> <!-- test.java.ChatTest -->
