<?xml version="1.0" encoding="UTF-8"?>
<!-- Generated by org.testng.reporters.JUnitReportReporter -->
<testsuite hostname="alexandra-System-Product-Name" name="test.java.TestTest" tests="1" failures="0" timestamp="21 Mar 2013 15:38:18 GMT" time="30.236" errors="0">
  <testcase name="createTest" time="30.236" classname="test.java.TestTest"/>
</testsuite> <!-- test.java.TestTest -->
