<?xml version="1.0" encoding="UTF-8"?>
<!-- Generated by org.testng.reporters.JUnitReportReporter -->
<testsuite hostname="alexandra-System-Product-Name" name="test.java.WebinarTest" tests="8" failures="0" timestamp="26 Dec 2014 10:58:55 GMT" time="445.271" errors="0">
  <testcase name="uploadPresentation" time="104.089" classname="test.java.WebinarTest"/>
  <testcase name="videoTabPermiss" time="43.937" classname="test.java.WebinarTest"/>
  <testcase name="presentationScaleMove" time="50.357" classname="test.java.WebinarTest"/>
  <testcase name="upload200PagesPresentation" time="45.239" classname="test.java.WebinarTest"/>
  <testcase name="uploadBigPresentation" time="42.208" classname="test.java.WebinarTest"/>
  <testcase name="zdeletePresentation" time="59.872" classname="test.java.WebinarTest"/>
  <testcase name="uploadWrongPresentation" time="44.269" classname="test.java.WebinarTest"/>
  <testcase name="slidesPresentation" time="55.300" classname="test.java.WebinarTest"/>
</testsuite> <!-- test.java.WebinarTest -->
