<?xml version="1.0" encoding="UTF-8"?>
<!-- Generated by org.testng.reporters.JUnitReportReporter -->
<testsuite hostname="alexandra-System-Product-Name" name="test.java.LogTest" tests="5" failures="0" timestamp="29 Mar 2013 14:02:07 GMT" time="16.098" errors="0">
  <testcase name="invalidLoginWrongPass" time="2.663" classname="test.java.LogTest"/>
  <testcase name="invalidLoginNoPass" time="2.279" classname="test.java.LogTest"/>
  <testcase name="validLogin" time="5.015" classname="test.java.LogTest"/>
  <testcase name="invalidLoginWrongEmail" time="3.629" classname="test.java.LogTest"/>
  <testcase name="invalidLoginNoEmail" time="2.512" classname="test.java.LogTest"/>
</testsuite> <!-- test.java.LogTest -->
